0 info it worked if it ends with ok
1 verbose cli [ 'node', '/usr/local/bin/npm', 'adduser' ]
2 info using npm@1.3.11
3 info using node@v0.10.21
4 verbose adduser before first PUT { name: 'svenstam',
4 verbose adduser   salt: 'XXXXX',
4 verbose adduser   password_sha: 'XXXXX',
4 verbose adduser   email: 'sven.stam@gmail.com',
4 verbose adduser   _id: 'org.couchdb.user:svenstam',
4 verbose adduser   type: 'user',
4 verbose adduser   roles: [],
4 verbose adduser   date: '2013-11-05T13:22:36.381Z' }
5 verbose url raw /-/user/org.couchdb.user:svenstam
6 verbose url resolving [ 'https://registry.npmjs.org/',
6 verbose url resolving   './-/user/org.couchdb.user:svenstam' ]
7 verbose url resolved https://registry.npmjs.org/-/user/org.couchdb.user:svenstam
8 info trying registry request attempt 1 at 14:22:36
9 http PUT https://registry.npmjs.org/-/user/org.couchdb.user:svenstam
10 http 409 https://registry.npmjs.org/-/user/org.couchdb.user:svenstam
11 verbose adduser update existing user
12 verbose url raw /-/user/org.couchdb.user:svenstam
13 verbose url resolving [ 'https://registry.npmjs.org/',
13 verbose url resolving   './-/user/org.couchdb.user:svenstam' ]
14 verbose url resolved https://registry.npmjs.org/-/user/org.couchdb.user:svenstam
15 info trying registry request attempt 1 at 14:22:37
16 http GET https://registry.npmjs.org/-/user/org.couchdb.user:svenstam
17 http 200 https://registry.npmjs.org/-/user/org.couchdb.user:svenstam
18 verbose adduser userobj { name: 'svenstam',
18 verbose adduser   salt: 'XXXXX',
18 verbose adduser   password_sha: 'XXXXX',
18 verbose adduser   email: 'sven.stam@gmail.com',
18 verbose adduser   _id: 'org.couchdb.user:svenstam',
18 verbose adduser   type: 'user',
18 verbose adduser   roles: [],
18 verbose adduser   date: '2013-11-05T13:22:36.381Z' }
19 verbose url raw /-/user/org.couchdb.user:svenstam/-rev/6-4a29074b541f0518abff728df4d79cec
20 verbose url resolving [ 'https://registry.npmjs.org/',
20 verbose url resolving   './-/user/org.couchdb.user:svenstam/-rev/6-4a29074b541f0518abff728df4d79cec' ]
21 verbose url resolved https://registry.npmjs.org/-/user/org.couchdb.user:svenstam/-rev/6-4a29074b541f0518abff728df4d79cec
22 info trying registry request attempt 1 at 14:22:39
23 http PUT https://registry.npmjs.org/-/user/org.couchdb.user:svenstam/-rev/6-4a29074b541f0518abff728df4d79cec
24 http 409 https://registry.npmjs.org/-/user/org.couchdb.user:svenstam/-rev/6-4a29074b541f0518abff728df4d79cec
25 verbose adduser back [ [Error: conflict Document update conflict.: -/user/org.couchdb.user:svenstam/-rev/6-4a29074b541f0518abff728df4d79cec],
25 verbose adduser   { error: 'conflict', reason: 'Document update conflict.' },
25 verbose adduser   '{"error":"conflict","reason":"Document update conflict."}' ]
26 error Error: conflict Document update conflict.: -/user/org.couchdb.user:svenstam/-rev/6-4a29074b541f0518abff728df4d79cec
26 error     at RegClient.<anonymous> (/usr/local/lib/node_modules/npm/node_modules/npm-registry-client/lib/request.js:272:14)
26 error     at Request.self.callback (/usr/local/lib/node_modules/npm/node_modules/request/request.js:129:22)
26 error     at Request.EventEmitter.emit (events.js:98:17)
26 error     at Request.<anonymous> (/usr/local/lib/node_modules/npm/node_modules/request/request.js:873:14)
26 error     at Request.EventEmitter.emit (events.js:117:20)
26 error     at IncomingMessage.<anonymous> (/usr/local/lib/node_modules/npm/node_modules/request/request.js:824:12)
26 error     at IncomingMessage.EventEmitter.emit (events.js:117:20)
26 error     at _stream_readable.js:920:16
26 error     at process._tickCallback (node.js:415:13)
27 error If you need help, you may report this log at:
27 error     <http://github.com/isaacs/npm/issues>
27 error or email it to:
27 error     <npm-@googlegroups.com>
28 error System Darwin 13.0.0
29 error command "node" "/usr/local/bin/npm" "adduser"
30 error cwd /Users/sstam/Documents/p2000-parser
31 error node -v v0.10.21
32 error npm -v 1.3.11
33 verbose exit [ 1, true ]
